d:\项目\demonspack\demonspack\release\demonspack.pch
d:\项目\demonspack\demonspack\release\vc142.pdb
d:\项目\demonspack\demonspack\release\pch.obj
d:\项目\demonspack\demonspack\release\pe.obj
d:\项目\demonspack\demonspack\release\pack.obj
d:\项目\demonspack\demonspack\release\options.obj
d:\项目\demonspack\demonspack\release\demonspackdlg.obj
d:\项目\demonspack\demonspack\release\demonspack.obj
d:\项目\demonspack\release\demonspack.ipdb
d:\项目\demonspack\release\demonspack.iobj
d:\项目\demonspack\release\demonspack.exe
d:\项目\demonspack\release\demonspack.pdb
d:\项目\demonspack\demonspack\release\demonspack.res
d:\项目\demonspack\demonspack\release\demonspack.tlog\cl.command.1.tlog
d:\项目\demonspack\demonspack\release\demonspack.tlog\cl.read.1.tlog
d:\项目\demonspack\demonspack\release\demonspack.tlog\cl.write.1.tlog
d:\项目\demonspack\demonspack\release\demonspack.tlog\demonspack.write.1u.tlog
d:\项目\demonspack\demonspack\release\demonspack.tlog\link.command.1.tlog
d:\项目\demonspack\demonspack\release\demonspack.tlog\link.read.1.tlog
d:\项目\demonspack\demonspack\release\demonspack.tlog\link.write.1.tlog
d:\项目\demonspack\demonspack\release\demonspack.tlog\rc.command.1.tlog
d:\项目\demonspack\demonspack\release\demonspack.tlog\rc.read.1.tlog
d:\项目\demonspack\demonspack\release\demonspack.tlog\rc.write.1.tlog
