d:\项目\demonspack\demonspack\debug\demonspack.pch
d:\项目\demonspack\demonspack\debug\vc142.pdb
d:\项目\demonspack\demonspack\debug\vc142.idb
d:\项目\demonspack\demonspack\debug\pch.obj
d:\项目\demonspack\demonspack\debug\pe.obj
d:\项目\demonspack\demonspack\debug\pack.obj
d:\项目\demonspack\demonspack\debug\options.obj
d:\项目\demonspack\demonspack\debug\demonspackdlg.obj
d:\项目\demonspack\demonspack\debug\demonspack.obj
d:\项目\demonspack\pack\demonspack.ilk
d:\项目\demonspack\pack\demonspack.exe
d:\项目\demonspack\pack\demonspack.pdb
d:\项目\demonspack\demonspack\debug\demonspack.res
d:\项目\demonspack\demonspack\debug\demonspack.tlog\cl.command.1.tlog
d:\项目\demonspack\demonspack\debug\demonspack.tlog\cl.read.1.tlog
d:\项目\demonspack\demonspack\debug\demonspack.tlog\cl.write.1.tlog
d:\项目\demonspack\demonspack\debug\demonspack.tlog\link.command.1.tlog
d:\项目\demonspack\demonspack\debug\demonspack.tlog\link.read.1.tlog
d:\项目\demonspack\demonspack\debug\demonspack.tlog\link.write.1.tlog
d:\项目\demonspack\demonspack\debug\demonspack.tlog\rc.command.1.tlog
d:\项目\demonspack\demonspack\debug\demonspack.tlog\rc.read.1.tlog
d:\项目\demonspack\demonspack\debug\demonspack.tlog\rc.write.1.tlog
